{"logTime": "0417/190228", "correlationVector":"nS/8b56nrNguXmHn9QI4y4.1","action":"SyncServerConnectionManagerRequest", "result":"SYNC_SERVER_OK", "context":{"environment":"Prod_southindia_prod-s01-004-apac-southindia", "migrationStage":"NotStarted", "server":"akswtt104000011"}}
{"logTime": "0417/190228", "correlationVector":"nS/8b56nrNguXmHn9QI4y4.2","action":"ProcessGetUpdates", "result":"Done", "context":{"dataType":"Encryption Keys", "deleted":"0", "process_failed_to_decrypt":"0", "process_pending_decryption":"0", "process_success":"1", "total":"1"}}
{"logTime": "0417/190229", "correlationVector":"cs2MyQL1IQW/X7+B4QZnOf","action":"SyncServerConnectionManagerRequest", "result":"SYNC_SERVER_OK", "context":{"environment":"", "migrationStage":"", "server":""}}
{"logTime": "0417/190229", "correlationVector":"cs2MyQL1IQW/X7+B4QZnOf.0","action":"EncryptionKeysFetcher.DownloadKeys:", "result":"Success", "context":Key count: 6, Last key timestamp: 2025-11-28T06:20:52Z}
{"logTime": "0417/190229", "correlationVector":"cs2MyQL1IQW/X7+B4QZnOf.1","action":"EncryptionKeysManager::SetEncryptionKeys:", "result":"Success", "context":Key names[6]:[HXs0S0Nki6pxrKUOr4BBoFPBHz3Tn1N2sV2olDB8d5u4qndvF/v9fPupGNejdCcZbAEW7mwmuMjgfawJ5Bl9Gg==][6qS2eyvbMJZY50T0oqodOE2tlo/GQSgVKDr/+iNLjL3+dZFDUBaVcJFJykfJx1/9sSsVtDvIVcXo1grwyF0ZIA==][LQdxbzku2LrWKduEHl3dJM4r+WoYM6xGT9IGPWHqN9uuIwkZujJ5erM/j97cJxCV1SfKmuCLD9yR/insR7VC3A==][IBTWflehqwAGam5jTsIJSV4ie9XyS9gZEJ1qrAFWd5mE4DWhVkbkXKdxM9AMUnaOliya8subXSYjvc2nKniouw==][lIskTaLlZgrZDSe21GHbZlr/SQuptvkE7lPV8jP/WysCYdFb6pRSAzWxu/jlWth2+O8XkBf1e8P5T6T8GUX3yA==][PzKqXCqudQzODXQiJLKykrBGVwbP5so4lRT9BcZy02jUuf3iM21i/d0IHE2Lp8MgwNZkX7zv4LrIIw9bSOSzEQ==]}
{"logTime": "0417/190229", "correlationVector":"cs2MyQL1IQW/X7+B4QZnOf.2","action":"EncryptionKeysManager::SetEncryptionKeysWithTimestamps:", "result":"Success", "context":Key timestamps[6]:[2024-04-21T11:53:35Z][2024-10-18T14:53:37Z][2025-04-13T11:19:21Z][2025-04-30T12:50:12Z][2025-06-01T05:26:14Z][2025-11-28T06:20:52Z]}
{"logTime": "0417/190229", "correlationVector":"nS/8b56nrNguXmHn9QI4y4","action":"Initial GetUpdates", "result":"", "context":Reason: NEW_CLIENT. cV=nS/8b56nrNguXmHn9QI4y4}
{"logTime": "0417/190229", "correlationVector":"nS/8b56nrNguXmHn9QI4y4.3","action":"GetUpdates Response", "result":"Success", "context":Received 1 update(s). cV=nS/8b56nrNguXmHn9QI4y4.0;server=akswtt104000011;cloudType=Consumer;environment=Prod_southindia_prod-s01-004-apac-southindia;migrationStage=NotStarted}
{"logTime": "0417/190229", "correlationVector":"uy16dcjOXV2EsYyXx5x2Gd","action":"Initial GetUpdates", "result":"", "context":Reason: NEWLY_SUPPORTED_DATATYPE. cV=uy16dcjOXV2EsYyXx5x2Gd}
{"logTime": "0417/190229", "correlationVector":"uy16dcjOXV2EsYyXx5x2Gd.1","action":"SyncServerConnectionManagerRequest", "result":"SYNC_SERVER_OK", "context":{"environment":"Prod_southindia_prod-s01-004-apac-southindia", "migrationStage":"NotStarted", "server":"akswtt10400000e"}}
{"logTime": "0417/190229", "correlationVector":"uy16dcjOXV2EsYyXx5x2Gd.2","action":"ProcessGetUpdates", "result":"Done", "context":{"dataType":"Preferences", "deleted":"1", "process_failed_to_decrypt":"0", "process_pending_decryption":"0", "process_success":"102", "total":"102"}}
{"logTime": "0417/190229", "correlationVector":"uy16dcjOXV2EsYyXx5x2Gd.3","action":"ProcessGetUpdates", "result":"Done", "context":{"dataType":"Passwords", "deleted":"0", "process_failed_to_decrypt":"0", "process_pending_decryption":"0", "process_success":"57", "total":"57"}}
{"logTime": "0417/190229", "correlationVector":"uy16dcjOXV2EsYyXx5x2Gd.4","action":"ProcessGetUpdates", "result":"Done", "context":{"dataType":"Device Info", "deleted":"0", "process_failed_to_decrypt":"0", "process_pending_decryption":"0", "process_success":"9", "total":"9"}}
{"logTime": "0417/190229", "correlationVector":"uy16dcjOXV2EsYyXx5x2Gd.5","action":"GetUpdates Response", "result":"Success", "context":Received 168 update(s). cV=uy16dcjOXV2EsYyXx5x2Gd.0;server=akswtt10400000e;cloudType=Consumer;environment=Prod_southindia_prod-s01-004-apac-southindia;migrationStage=NotStarted}
{"logTime": "0417/190229", "correlationVector":"P20z4MgSyMHK33i13aGaPt","action":"Initial GetUpdates", "result":"", "context":Reason: NEWLY_SUPPORTED_DATATYPE. cV=P20z4MgSyMHK33i13aGaPt}
{"logTime": "0417/190230", "correlationVector":"P20z4MgSyMHK33i13aGaPt.1","action":"SyncServerConnectionManagerRequest", "result":"SYNC_SERVER_OK", "context":{"environment":"Prod_southindia_prod-s01-004-apac-southindia", "migrationStage":"NotStarted", "server":"akswtt10400000d"}}
{"logTime": "0417/190230", "correlationVector":"P20z4MgSyMHK33i13aGaPt.2","action":"ProcessGetUpdates", "result":"Done", "context":{"dataType":"Bookmarks", "deleted":"1", "process_failed_to_decrypt":"0", "process_pending_decryption":"0", "process_success":"33", "total":"33"}}
{"logTime": "0417/190230", "correlationVector":"P20z4MgSyMHK33i13aGaPt.3","action":"GetUpdates Response", "result":"Success", "context":Received 33 update(s). cV=P20z4MgSyMHK33i13aGaPt.0;server=akswtt10400000d;cloudType=Consumer;environment=Prod_southindia_prod-s01-004-apac-southindia;migrationStage=NotStarted}
{"logTime": "0417/190230", "correlationVector":"+2KuD86YqPx9Vysh5dL+F5","action":"Initial GetUpdates", "result":"", "context":Reason: NEWLY_SUPPORTED_DATATYPE. cV=+2KuD86YqPx9Vysh5dL+F5}
{"logTime": "0417/190230", "correlationVector":"+2KuD86YqPx9Vysh5dL+F5.1","action":"SyncServerConnectionManagerRequest", "result":"SYNC_SERVER_OK", "context":{"environment":"Prod_southindia_prod-s01-004-apac-southindia", "migrationStage":"NotStarted", "server":"akswtt104000004"}}
{"logTime": "0417/190230", "correlationVector":"+2KuD86YqPx9Vysh5dL+F5.2","action":"ProcessGetUpdates", "result":"Done", "context":{"dataType":"Autofill Profiles", "deleted":"0", "process_failed_to_decrypt":"0", "process_pending_decryption":"0", "process_success":"10", "total":"10"}}
{"logTime": "0417/190230", "correlationVector":"+2KuD86YqPx9Vysh5dL+F5.3","action":"ProcessGetUpdates", "result":"Done", "context":{"dataType":"Autofill", "deleted":"0", "process_failed_to_decrypt":"0", "process_pending_decryption":"0", "process_success":"228", "total":"228"}}
{"logTime": "0417/190230", "correlationVector":"+2KuD86YqPx9Vysh5dL+F5.4","action":"ProcessGetUpdates", "result":"Done", "context":{"dataType":"Extension settings", "deleted":"0", "process_failed_to_decrypt":"0", "process_pending_decryption":"0", "process_success":"1", "total":"1"}}
{"logTime": "0417/190230", "correlationVector":"+2KuD86YqPx9Vysh5dL+F5.5","action":"ProcessGetUpdates", "result":"Done", "context":{"dataType":"Web Apps", "deleted":"0", "process_failed_to_decrypt":"0", "process_pending_decryption":"0", "process_success":"2", "total":"2"}}
{"logTime": "0417/190230", "correlationVector":"+2KuD86YqPx9Vysh5dL+F5.6","action":"ProcessGetUpdates", "result":"Done", "context":{"dataType":"Saved Tab Group", "deleted":"9", "process_failed_to_decrypt":"0", "process_pending_decryption":"0", "process_success":"9", "total":"9"}}
{"logTime": "0417/190230", "correlationVector":"+2KuD86YqPx9Vysh5dL+F5.7","action":"GetUpdates Response", "result":"Success", "context":Received 250 update(s). cV=+2KuD86YqPx9Vysh5dL+F5.0;server=akswtt104000004;cloudType=Consumer;environment=Prod_southindia_prod-s01-004-apac-southindia;migrationStage=NotStarted Some updates remain.}
{"logTime": "0417/190230", "correlationVector":"etokfMKWlZO2bIIKsozsgh","action":"Initial GetUpdates", "result":"", "context":Reason: NEWLY_SUPPORTED_DATATYPE. cV=etokfMKWlZO2bIIKsozsgh}
{"logTime": "0417/190231", "correlationVector":"etokfMKWlZO2bIIKsozsgh.1","action":"SyncServerConnectionManagerRequest", "result":"SYNC_SERVER_OK", "context":{"environment":"Prod_southindia_prod-s01-004-apac-southindia", "migrationStage":"NotStarted", "server":"akswtt10400000e"}}
{"logTime": "0417/190231", "correlationVector":"etokfMKWlZO2bIIKsozsgh.2","action":"ProcessGetUpdates", "result":"Done", "context":{"dataType":"Autofill", "deleted":"0", "process_failed_to_decrypt":"0", "process_pending_decryption":"0", "process_success":"156", "total":"156"}}
{"logTime": "0417/190231", "correlationVector":"etokfMKWlZO2bIIKsozsgh.3","action":"ProcessGetUpdates", "result":"Done", "context":{"dataType":"Sessions", "deleted":"62", "process_failed_to_decrypt":"0", "process_pending_decryption":"0", "process_success":"62", "total":"62"}}
{"logTime": "0417/190231", "correlationVector":"etokfMKWlZO2bIIKsozsgh.4","action":"ProcessGetUpdates", "result":"Done", "context":{"dataType":"Web Apps", "deleted":"0", "process_failed_to_decrypt":"0", "process_pending_decryption":"0", "process_success":"2", "total":"2"}}
{"logTime": "0417/190231", "correlationVector":"etokfMKWlZO2bIIKsozsgh.5","action":"ProcessGetUpdates", "result":"Done", "context":{"dataType":"Saved Tab Group", "deleted":"15", "process_failed_to_decrypt":"0", "process_pending_decryption":"0", "process_success":"15", "total":"15"}}
{"logTime": "0417/190231", "correlationVector":"etokfMKWlZO2bIIKsozsgh.6","action":"ProcessGetUpdates", "result":"Done", "context":{"dataType":"Edge Hub App Usage", "deleted":"5", "process_failed_to_decrypt":"0", "process_pending_decryption":"0", "process_success":"15", "total":"15"}}
{"logTime": "0417/190231", "correlationVector":"etokfMKWlZO2bIIKsozsgh.7","action":"GetUpdates Response", "result":"Success", "context":Received 250 update(s). cV=etokfMKWlZO2bIIKsozsgh.0;server=akswtt10400000e;cloudType=Consumer;environment=Prod_southindia_prod-s01-004-apac-southindia;migrationStage=NotStarted Some updates remain.}
{"logTime": "0417/190231", "correlationVector":"+dUqy8cawOq1kGrUDaCarh","action":"Initial GetUpdates", "result":"", "context":Reason: NEWLY_SUPPORTED_DATATYPE. cV=+dUqy8cawOq1kGrUDaCarh}
{"logTime": "0417/190231", "correlationVector":"+dUqy8cawOq1kGrUDaCarh.1","action":"SyncServerConnectionManagerRequest", "result":"SYNC_SERVER_OK", "context":{"environment":"Prod_southindia_prod-s01-004-apac-southindia", "migrationStage":"NotStarted", "server":"akswtt10400000c"}}
{"logTime": "0417/190231", "correlationVector":"+dUqy8cawOq1kGrUDaCarh.2","action":"ProcessGetUpdates", "result":"Done", "context":{"dataType":"Autofill", "deleted":"0", "process_failed_to_decrypt":"0", "process_pending_decryption":"0", "process_success":"1", "total":"1"}}
{"logTime": "0417/190231", "correlationVector":"+dUqy8cawOq1kGrUDaCarh.3","action":"ProcessGetUpdates", "result":"Done", "context":{"dataType":"Extensions", "deleted":"0", "process_failed_to_decrypt":"0", "process_pending_decryption":"0", "process_success":"1", "total":"1"}}
{"logTime": "0417/190231", "correlationVector":"+dUqy8cawOq1kGrUDaCarh.4","action":"ProcessGetUpdates", "result":"Done", "context":{"dataType":"Sessions", "deleted":"230", "process_failed_to_decrypt":"0", "process_pending_decryption":"0", "process_success":"230", "total":"230"}}
{"logTime": "0417/190231", "correlationVector":"+dUqy8cawOq1kGrUDaCarh.5","action":"ProcessGetUpdates", "result":"Done", "context":{"dataType":"Edge Hub App Usage", "deleted":"5", "process_failed_to_decrypt":"0", "process_pending_decryption":"0", "process_success":"18", "total":"18"}}
{"logTime": "0417/190231", "correlationVector":"+dUqy8cawOq1kGrUDaCarh.6","action":"GetUpdates Response", "result":"Success", "context":Received 250 update(s). cV=+dUqy8cawOq1kGrUDaCarh.0;server=akswtt10400000c;cloudType=Consumer;environment=Prod_southindia_prod-s01-004-apac-southindia;migrationStage=NotStarted Some updates remain.}
{"logTime": "0417/190231", "correlationVector":"y1Ui8CB/jusPgAwvGY+uK+","action":"Initial GetUpdates", "result":"", "context":Reason: NEWLY_SUPPORTED_DATATYPE. cV=y1Ui8CB/jusPgAwvGY+uK+}
{"logTime": "0417/190232", "correlationVector":"y1Ui8CB/jusPgAwvGY+uK+.1","action":"SyncServerConnectionManagerRequest", "result":"SYNC_SERVER_OK", "context":{"environment":"Prod_southindia_prod-s01-004-apac-southindia", "migrationStage":"NotStarted", "server":"akswtt104000007"}}
{"logTime": "0417/190232", "correlationVector":"y1Ui8CB/jusPgAwvGY+uK+.2","action":"ProcessGetUpdates", "result":"Done", "context":{"dataType":"Autofill", "deleted":"0", "process_failed_to_decrypt":"0", "process_pending_decryption":"0", "process_success":"3", "total":"3"}}
{"logTime": "0417/190232", "correlationVector":"y1Ui8CB/jusPgAwvGY+uK+.3","action":"ProcessGetUpdates", "result":"Done", "context":{"dataType":"Extensions", "deleted":"0", "process_failed_to_decrypt":"0", "process_pending_decryption":"0", "process_success":"2", "total":"2"}}
{"logTime": "0417/190232", "correlationVector":"y1Ui8CB/jusPgAwvGY+uK+.4","action":"ProcessGetUpdates", "result":"Done", "context":{"dataType":"Sessions", "deleted":"211", "process_failed_to_decrypt":"0", "process_pending_decryption":"0", "process_success":"211", "total":"211"}}
{"logTime": "0417/190232", "correlationVector":"y1Ui8CB/jusPgAwvGY+uK+.5","action":"ProcessGetUpdates", "result":"Done", "context":{"dataType":"Edge Hub App Usage", "deleted":"15", "process_failed_to_decrypt":"0", "process_pending_decryption":"0", "process_success":"34", "total":"34"}}
{"logTime": "0417/190232", "correlationVector":"y1Ui8CB/jusPgAwvGY+uK+.6","action":"GetUpdates Response", "result":"Success", "context":Received 250 update(s). cV=y1Ui8CB/jusPgAwvGY+uK+.0;server=akswtt104000007;cloudType=Consumer;environment=Prod_southindia_prod-s01-004-apac-southindia;migrationStage=NotStarted Some updates remain.}
{"logTime": "0417/190232", "correlationVector":"KRr9gLZUmSyRM07x0h9x5u","action":"Initial GetUpdates", "result":"", "context":Reason: NEWLY_SUPPORTED_DATATYPE. cV=KRr9gLZUmSyRM07x0h9x5u}
{"logTime": "0417/190232", "correlationVector":"KRr9gLZUmSyRM07x0h9x5u.1","action":"SyncServerConnectionManagerRequest", "result":"SYNC_SERVER_OK", "context":{"environment":"Prod_southindia_prod-s01-004-apac-southindia", "migrationStage":"NotStarted", "server":"akswtt104000011"}}
{"logTime": "0417/190232", "correlationVector":"KRr9gLZUmSyRM07x0h9x5u.2","action":"ProcessGetUpdates", "result":"Done", "context":{"dataType":"Autofill", "deleted":"0", "process_failed_to_decrypt":"0", "process_pending_decryption":"0", "process_success":"4", "total":"4"}}
{"logTime": "0417/190232", "correlationVector":"KRr9gLZUmSyRM07x0h9x5u.3","action":"ProcessGetUpdates", "result":"Done", "context":{"dataType":"Sessions", "deleted":"209", "process_failed_to_decrypt":"0", "process_pending_decryption":"0", "process_success":"209", "total":"209"}}
{"logTime": "0417/190232", "correlationVector":"KRr9gLZUmSyRM07x0h9x5u.4","action":"ProcessGetUpdates", "result":"Done", "context":{"dataType":"Edge Hub App Usage", "deleted":"14", "process_failed_to_decrypt":"0", "process_pending_decryption":"0", "process_success":"37", "total":"37"}}
{"logTime": "0417/190232", "correlationVector":"KRr9gLZUmSyRM07x0h9x5u.5","action":"GetUpdates Response", "result":"Success", "context":Received 250 update(s). cV=KRr9gLZUmSyRM07x0h9x5u.0;server=akswtt104000011;cloudType=Consumer;environment=Prod_southindia_prod-s01-004-apac-southindia;migrationStage=NotStarted Some updates remain.}
{"logTime": "0417/190232", "correlationVector":"jDRWnowzZ9lcTw6WqeioIj","action":"Initial GetUpdates", "result":"", "context":Reason: NEWLY_SUPPORTED_DATATYPE. cV=jDRWnowzZ9lcTw6WqeioIj}
{"logTime": "0417/190233", "correlationVector":"jDRWnowzZ9lcTw6WqeioIj.1","action":"SyncServerConnectionManagerRequest", "result":"SYNC_SERVER_OK", "context":{"environment":"Prod_southindia_prod-s01-004-apac-southindia", "migrationStage":"NotStarted", "server":"akswtt104000012"}}
{"logTime": "0417/190233", "correlationVector":"jDRWnowzZ9lcTw6WqeioIj.2","action":"ProcessGetUpdates", "result":"Done", "context":{"dataType":"Autofill", "deleted":"0", "process_failed_to_decrypt":"0", "process_pending_decryption":"0", "process_success":"5", "total":"5"}}
{"logTime": "0417/190233", "correlationVector":"jDRWnowzZ9lcTw6WqeioIj.3","action":"ProcessGetUpdates", "result":"Done", "context":{"dataType":"Sessions", "deleted":"218", "process_failed_to_decrypt":"0", "process_pending_decryption":"0", "process_success":"218", "total":"218"}}
{"logTime": "0417/190233", "correlationVector":"jDRWnowzZ9lcTw6WqeioIj.4","action":"ProcessGetUpdates", "result":"Done", "context":{"dataType":"Edge Hub App Usage", "deleted":"14", "process_failed_to_decrypt":"0", "process_pending_decryption":"0", "process_success":"27", "total":"27"}}
{"logTime": "0417/190233", "correlationVector":"jDRWnowzZ9lcTw6WqeioIj.5","action":"GetUpdates Response", "result":"Success", "context":Received 250 update(s). cV=jDRWnowzZ9lcTw6WqeioIj.0;server=akswtt104000012;cloudType=Consumer;environment=Prod_southindia_prod-s01-004-apac-southindia;migrationStage=NotStarted Some updates remain.}
{"logTime": "0417/190233", "correlationVector":"AVe7YRdxVSaF5koUIB21PI","action":"Initial GetUpdates", "result":"", "context":Reason: NEWLY_SUPPORTED_DATATYPE. cV=AVe7YRdxVSaF5koUIB21PI}
{"logTime": "0417/190233", "correlationVector":"AVe7YRdxVSaF5koUIB21PI.1","action":"SyncServerConnectionManagerRequest", "result":"SYNC_SERVER_OK", "context":{"environment":"Prod_southindia_prod-s01-004-apac-southindia", "migrationStage":"NotStarted", "server":"akswtt104000011"}}
{"logTime": "0417/190233", "correlationVector":"AVe7YRdxVSaF5koUIB21PI.2","action":"ProcessGetUpdates", "result":"Done", "context":{"dataType":"Autofill", "deleted":"0", "process_failed_to_decrypt":"0", "process_pending_decryption":"0", "process_success":"11", "total":"11"}}
{"logTime": "0417/190233", "correlationVector":"AVe7YRdxVSaF5koUIB21PI.3","action":"ProcessGetUpdates", "result":"Done", "context":{"dataType":"Sessions", "deleted":"184", "process_failed_to_decrypt":"0", "process_pending_decryption":"0", "process_success":"184", "total":"184"}}
{"logTime": "0417/190233", "correlationVector":"AVe7YRdxVSaF5koUIB21PI.4","action":"ProcessGetUpdates", "result":"Done", "context":{"dataType":"Web Apps", "deleted":"0", "process_failed_to_decrypt":"0", "process_pending_decryption":"0", "process_success":"1", "total":"1"}}
{"logTime": "0417/190233", "correlationVector":"AVe7YRdxVSaF5koUIB21PI.5","action":"ProcessGetUpdates", "result":"Done", "context":{"dataType":"Edge Hub App Usage", "deleted":"45", "process_failed_to_decrypt":"0", "process_pending_decryption":"0", "process_success":"54", "total":"54"}}
{"logTime": "0417/190233", "correlationVector":"AVe7YRdxVSaF5koUIB21PI.6","action":"GetUpdates Response", "result":"Success", "context":Received 250 update(s). cV=AVe7YRdxVSaF5koUIB21PI.0;server=akswtt104000011;cloudType=Consumer;environment=Prod_southindia_prod-s01-004-apac-southindia;migrationStage=NotStarted Some updates remain.}
{"logTime": "0417/190233", "correlationVector":"oGdS6HkwqV+Pmcs8/mrQq2","action":"Initial GetUpdates", "result":"", "context":Reason: NEWLY_SUPPORTED_DATATYPE. cV=oGdS6HkwqV+Pmcs8/mrQq2}
{"logTime": "0417/190234", "correlationVector":"oGdS6HkwqV+Pmcs8/mrQq2.1","action":"SyncServerConnectionManagerRequest", "result":"SYNC_SERVER_OK", "context":{"environment":"Prod_southindia_prod-s01-004-apac-southindia", "migrationStage":"NotStarted", "server":"akswtt10400000c"}}
{"logTime": "0417/190234", "correlationVector":"oGdS6HkwqV+Pmcs8/mrQq2.2","action":"ProcessGetUpdates", "result":"Done", "context":{"dataType":"Autofill", "deleted":"0", "process_failed_to_decrypt":"0", "process_pending_decryption":"0", "process_success":"7", "total":"7"}}
{"logTime": "0417/190234", "correlationVector":"oGdS6HkwqV+Pmcs8/mrQq2.3","action":"ProcessGetUpdates", "result":"Done", "context":{"dataType":"Sessions", "deleted":"197", "process_failed_to_decrypt":"0", "process_pending_decryption":"0", "process_success":"197", "total":"197"}}
{"logTime": "0417/190234", "correlationVector":"oGdS6HkwqV+Pmcs8/mrQq2.4","action":"ProcessGetUpdates", "result":"Done", "context":{"dataType":"Edge Hub App Usage", "deleted":"29", "process_failed_to_decrypt":"0", "process_pending_decryption":"0", "process_success":"46", "total":"46"}}
{"logTime": "0417/190234", "correlationVector":"oGdS6HkwqV+Pmcs8/mrQq2.5","action":"GetUpdates Response", "result":"Success", "context":Received 250 update(s). cV=oGdS6HkwqV+Pmcs8/mrQq2.0;server=akswtt10400000c;cloudType=Consumer;environment=Prod_southindia_prod-s01-004-apac-southindia;migrationStage=NotStarted Some updates remain.}
{"logTime": "0417/190234", "correlationVector":"NHmzBFmmKkpvhm8QINm676","action":"Initial GetUpdates", "result":"", "context":Reason: NEWLY_SUPPORTED_DATATYPE. cV=NHmzBFmmKkpvhm8QINm676}
{"logTime": "0417/190235", "correlationVector":"NHmzBFmmKkpvhm8QINm676.1","action":"SyncServerConnectionManagerRequest", "result":"SYNC_SERVER_OK", "context":{"environment":"Prod_southindia_prod-s01-004-apac-southindia", "migrationStage":"NotStarted", "server":"akswtt104000000"}}
{"logTime": "0417/190235", "correlationVector":"NHmzBFmmKkpvhm8QINm676.2","action":"ProcessGetUpdates", "result":"Done", "context":{"dataType":"Autofill", "deleted":"0", "process_failed_to_decrypt":"0", "process_pending_decryption":"0", "process_success":"26", "total":"26"}}
{"logTime": "0417/190235", "correlationVector":"NHmzBFmmKkpvhm8QINm676.3","action":"ProcessGetUpdates", "result":"Done", "context":{"dataType":"Sessions", "deleted":"211", "process_failed_to_decrypt":"0", "process_pending_decryption":"0", "process_success":"211", "total":"211"}}
{"logTime": "0417/190235", "correlationVector":"NHmzBFmmKkpvhm8QINm676.4","action":"ProcessGetUpdates", "result":"Done", "context":{"dataType":"Edge Hub App Usage", "deleted":"4", "process_failed_to_decrypt":"0", "process_pending_decryption":"0", "process_success":"13", "total":"13"}}
{"logTime": "0417/190235", "correlationVector":"NHmzBFmmKkpvhm8QINm676.5","action":"GetUpdates Response", "result":"Success", "context":Received 250 update(s). cV=NHmzBFmmKkpvhm8QINm676.0;server=akswtt104000000;cloudType=Consumer;environment=Prod_southindia_prod-s01-004-apac-southindia;migrationStage=NotStarted Some updates remain.}
{"logTime": "0417/190235", "correlationVector":"IadLizUC5NBVtmViUi1jmk","action":"Initial GetUpdates", "result":"", "context":Reason: NEWLY_SUPPORTED_DATATYPE. cV=IadLizUC5NBVtmViUi1jmk}
{"logTime": "0417/190235", "correlationVector":"IadLizUC5NBVtmViUi1jmk.1","action":"SyncServerConnectionManagerRequest", "result":"SYNC_SERVER_OK", "context":{"environment":"Prod_southindia_prod-s01-004-apac-southindia", "migrationStage":"NotStarted", "server":"akswtt104000007"}}
{"logTime": "0417/190235", "correlationVector":"IadLizUC5NBVtmViUi1jmk.2","action":"ProcessGetUpdates", "result":"Done", "context":{"dataType":"Autofill", "deleted":"0", "process_failed_to_decrypt":"0", "process_pending_decryption":"0", "process_success":"1", "total":"1"}}
{"logTime": "0417/190235", "correlationVector":"IadLizUC5NBVtmViUi1jmk.3","action":"ProcessGetUpdates", "result":"Done", "context":{"dataType":"Sessions", "deleted":"200", "process_failed_to_decrypt":"0", "process_pending_decryption":"0", "process_success":"200", "total":"200"}}
{"logTime": "0417/190235", "correlationVector":"IadLizUC5NBVtmViUi1jmk.4","action":"ProcessGetUpdates", "result":"Done", "context":{"dataType":"Edge Hub App Usage", "deleted":"11", "process_failed_to_decrypt":"0", "process_pending_decryption":"0", "process_success":"19", "total":"19"}}
{"logTime": "0417/190235", "correlationVector":"IadLizUC5NBVtmViUi1jmk.5","action":"ProcessGetUpdates", "result":"Done", "context":{"dataType":"Edge Workspace", "deleted":"0", "process_failed_to_decrypt":"0", "process_pending_decryption":"0", "process_success":"30", "total":"30"}}
{"logTime": "0417/190235", "correlationVector":"IadLizUC5NBVtmViUi1jmk.6","action":"GetUpdates Response", "result":"Success", "context":Received 250 update(s). cV=IadLizUC5NBVtmViUi1jmk.0;server=akswtt104000007;cloudType=Consumer;environment=Prod_southindia_prod-s01-004-apac-southindia;migrationStage=NotStarted Some updates remain.}
{"logTime": "0417/190235", "correlationVector":"BXAp5UNPSLl1rY+yVkpqQS","action":"Initial GetUpdates", "result":"", "context":Reason: NEWLY_SUPPORTED_DATATYPE. cV=BXAp5UNPSLl1rY+yVkpqQS}
{"logTime": "0417/190236", "correlationVector":"BXAp5UNPSLl1rY+yVkpqQS.1","action":"SyncServerConnectionManagerRequest", "result":"SYNC_SERVER_OK", "context":{"environment":"Prod_southindia_prod-s01-004-apac-southindia", "migrationStage":"NotStarted", "server":"akswtt104000011"}}
{"logTime": "0417/190236", "correlationVector":"BXAp5UNPSLl1rY+yVkpqQS.2","action":"ProcessGetUpdates", "result":"Done", "context":{"dataType":"Autofill Profiles", "deleted":"0", "process_failed_to_decrypt":"0", "process_pending_decryption":"0", "process_success":"1", "total":"1"}}
{"logTime": "0417/190236", "correlationVector":"BXAp5UNPSLl1rY+yVkpqQS.3","action":"ProcessGetUpdates", "result":"Done", "context":{"dataType":"Autofill", "deleted":"0", "process_failed_to_decrypt":"0", "process_pending_decryption":"0", "process_success":"35", "total":"35"}}
{"logTime": "0417/190236", "correlationVector":"BXAp5UNPSLl1rY+yVkpqQS.4","action":"ProcessGetUpdates", "result":"Done", "context":{"dataType":"Sessions", "deleted":"181", "process_failed_to_decrypt":"0", "process_pending_decryption":"0", "process_success":"181", "total":"181"}}
{"logTime": "0417/190236", "correlationVector":"BXAp5UNPSLl1rY+yVkpqQS.5","action":"ProcessGetUpdates", "result":"Done", "context":{"dataType":"Edge Hub App Usage", "deleted":"17", "process_failed_to_decrypt":"0", "process_pending_decryption":"0", "process_success":"33", "total":"33"}}
{"logTime": "0417/190236", "correlationVector":"BXAp5UNPSLl1rY+yVkpqQS.6","action":"GetUpdates Response", "result":"Success", "context":Received 250 update(s). cV=BXAp5UNPSLl1rY+yVkpqQS.0;server=akswtt104000011;cloudType=Consumer;environment=Prod_southindia_prod-s01-004-apac-southindia;migrationStage=NotStarted Some updates remain.}
{"logTime": "0417/190236", "correlationVector":"2nRdWzS7YQOW5N6CxITQ+Q","action":"Initial GetUpdates", "result":"", "context":Reason: NEWLY_SUPPORTED_DATATYPE. cV=2nRdWzS7YQOW5N6CxITQ+Q}
{"logTime": "0417/190236", "correlationVector":"2nRdWzS7YQOW5N6CxITQ+Q.1","action":"SyncServerConnectionManagerRequest", "result":"SYNC_SERVER_OK", "context":{"environment":"Prod_southindia_prod-s01-004-apac-southindia", "migrationStage":"NotStarted", "server":"akswtt104000000"}}
{"logTime": "0417/190236", "correlationVector":"2nRdWzS7YQOW5N6CxITQ+Q.2","action":"ProcessGetUpdates", "result":"Done", "context":{"dataType":"Autofill", "deleted":"0", "process_failed_to_decrypt":"0", "process_pending_decryption":"0", "process_success":"48", "total":"48"}}
{"logTime": "0417/190236", "correlationVector":"2nRdWzS7YQOW5N6CxITQ+Q.3","action":"ProcessGetUpdates", "result":"Done", "context":{"dataType":"Sessions", "deleted":"187", "process_failed_to_decrypt":"0", "process_pending_decryption":"0", "process_success":"187", "total":"187"}}
{"logTime": "0417/190236", "correlationVector":"2nRdWzS7YQOW5N6CxITQ+Q.4","action":"ProcessGetUpdates", "result":"Done", "context":{"dataType":"Edge Hub App Usage", "deleted":"6", "process_failed_to_decrypt":"0", "process_pending_decryption":"0", "process_success":"15", "total":"15"}}
{"logTime": "0417/190236", "correlationVector":"2nRdWzS7YQOW5N6CxITQ+Q.5","action":"GetUpdates Response", "result":"Success", "context":Received 250 update(s). cV=2nRdWzS7YQOW5N6CxITQ+Q.0;server=akswtt104000000;cloudType=Consumer;environment=Prod_southindia_prod-s01-004-apac-southindia;migrationStage=NotStarted Some updates remain.}
{"logTime": "0417/190236", "correlationVector":"ihaQxl3RDIoWhX0UCN03Kl","action":"Initial GetUpdates", "result":"", "context":Reason: NEWLY_SUPPORTED_DATATYPE. cV=ihaQxl3RDIoWhX0UCN03Kl}
{"logTime": "0417/190237", "correlationVector":"ihaQxl3RDIoWhX0UCN03Kl.1","action":"SyncServerConnectionManagerRequest", "result":"SYNC_SERVER_OK", "context":{"environment":"Prod_southindia_prod-s01-004-apac-southindia", "migrationStage":"NotStarted", "server":"akswtt104000011"}}
{"logTime": "0417/190237", "correlationVector":"ihaQxl3RDIoWhX0UCN03Kl.2","action":"ProcessGetUpdates", "result":"Done", "context":{"dataType":"Autofill", "deleted":"0", "process_failed_to_decrypt":"0", "process_pending_decryption":"0", "process_success":"4", "total":"4"}}
{"logTime": "0417/190237", "correlationVector":"ihaQxl3RDIoWhX0UCN03Kl.3","action":"ProcessGetUpdates", "result":"Done", "context":{"dataType":"Extensions", "deleted":"0", "process_failed_to_decrypt":"0", "process_pending_decryption":"0", "process_success":"1", "total":"1"}}
{"logTime": "0417/190237", "correlationVector":"ihaQxl3RDIoWhX0UCN03Kl.4","action":"ProcessGetUpdates", "result":"Done", "context":{"dataType":"Sessions", "deleted":"177", "process_failed_to_decrypt":"0", "process_pending_decryption":"0", "process_success":"177", "total":"177"}}
{"logTime": "0417/190237", "correlationVector":"ihaQxl3RDIoWhX0UCN03Kl.5","action":"ProcessGetUpdates", "result":"Done", "context":{"dataType":"WebAuthn Credentials", "deleted":"0", "process_failed_to_decrypt":"0", "process_pending_decryption":"0", "process_success":"1", "total":"1"}}
{"logTime": "0417/190237", "correlationVector":"ihaQxl3RDIoWhX0UCN03Kl.6","action":"ProcessGetUpdates", "result":"Done", "context":{"dataType":"Edge Hub App Usage", "deleted":"29", "process_failed_to_decrypt":"0", "process_pending_decryption":"0", "process_success":"34", "total":"34"}}
{"logTime": "0417/190237", "correlationVector":"ihaQxl3RDIoWhX0UCN03Kl.7","action":"ProcessGetUpdates", "result":"Done", "context":{"dataType":"Edge Workspace", "deleted":"0", "process_failed_to_decrypt":"0", "process_pending_decryption":"0", "process_success":"33", "total":"33"}}
{"logTime": "0417/190237", "correlationVector":"ihaQxl3RDIoWhX0UCN03Kl.8","action":"GetUpdates Response", "result":"Success", "context":Received 250 update(s). cV=ihaQxl3RDIoWhX0UCN03Kl.0;server=akswtt104000011;cloudType=Consumer;environment=Prod_southindia_prod-s01-004-apac-southindia;migrationStage=NotStarted Some updates remain.}
{"logTime": "0417/190237", "correlationVector":"gGbQfFxoFu4wkH6kj3qGRk","action":"Initial GetUpdates", "result":"", "context":Reason: NEWLY_SUPPORTED_DATATYPE. cV=gGbQfFxoFu4wkH6kj3qGRk}
{"logTime": "0417/190238", "correlationVector":"gGbQfFxoFu4wkH6kj3qGRk.1","action":"SyncServerConnectionManagerRequest", "result":"SYNC_SERVER_OK", "context":{"environment":"Prod_southindia_prod-s01-004-apac-southindia", "migrationStage":"NotStarted", "server":"akswtt104000000"}}
{"logTime": "0417/190238", "correlationVector":"gGbQfFxoFu4wkH6kj3qGRk.2","action":"ProcessGetUpdates", "result":"Done", "context":{"dataType":"Sessions", "deleted":"206", "process_failed_to_decrypt":"0", "process_pending_decryption":"0", "process_success":"208", "total":"208"}}
{"logTime": "0417/190238", "correlationVector":"gGbQfFxoFu4wkH6kj3qGRk.3","action":"ProcessGetUpdates", "result":"Done", "context":{"dataType":"Edge Hub App Usage", "deleted":"3", "process_failed_to_decrypt":"0", "process_pending_decryption":"0", "process_success":"13", "total":"13"}}
{"logTime": "0417/190238", "correlationVector":"gGbQfFxoFu4wkH6kj3qGRk.4","action":"ProcessGetUpdates", "result":"Done", "context":{"dataType":"Edge Workspace", "deleted":"16", "process_failed_to_decrypt":"0", "process_pending_decryption":"0", "process_success":"29", "total":"29"}}
{"logTime": "0417/190238", "correlationVector":"gGbQfFxoFu4wkH6kj3qGRk.5","action":"GetUpdates Response", "result":"Success", "context":Received 250 update(s). cV=gGbQfFxoFu4wkH6kj3qGRk.0;server=akswtt104000000;cloudType=Consumer;environment=Prod_southindia_prod-s01-004-apac-southindia;migrationStage=NotStarted Some updates remain.}
{"logTime": "0417/190238", "correlationVector":"p+fdXQMFJoaTpkA9E/r+v+","action":"Initial GetUpdates", "result":"", "context":Reason: NEWLY_SUPPORTED_DATATYPE. cV=p+fdXQMFJoaTpkA9E/r+v+}
{"logTime": "0417/190238", "correlationVector":"p+fdXQMFJoaTpkA9E/r+v+.1","action":"SyncServerConnectionManagerRequest", "result":"SYNC_SERVER_OK", "context":{"environment":"Prod_southindia_prod-s01-004-apac-southindia", "migrationStage":"NotStarted", "server":"akswtt104000011"}}
{"logTime": "0417/190238", "correlationVector":"p+fdXQMFJoaTpkA9E/r+v+.2","action":"ProcessGetUpdates", "result":"Done", "context":{"dataType":"Autofill", "deleted":"0", "process_failed_to_decrypt":"0", "process_pending_decryption":"0", "process_success":"1", "total":"1"}}
{"logTime": "0417/190238", "correlationVector":"p+fdXQMFJoaTpkA9E/r+v+.3","action":"ProcessGetUpdates", "result":"Done", "context":{"dataType":"Sessions", "deleted":"195", "process_failed_to_decrypt":"0", "process_pending_decryption":"0", "process_success":"201", "total":"201"}}
{"logTime": "0417/190238", "correlationVector":"p+fdXQMFJoaTpkA9E/r+v+.4","action":"ProcessGetUpdates", "result":"Done", "context":{"dataType":"Edge Hub App Usage", "deleted":"8", "process_failed_to_decrypt":"0", "process_pending_decryption":"0", "process_success":"15", "total":"15"}}
{"logTime": "0417/190238", "correlationVector":"p+fdXQMFJoaTpkA9E/r+v+.5","action":"ProcessGetUpdates", "result":"Done", "context":{"dataType":"Edge Workspace", "deleted":"22", "process_failed_to_decrypt":"0", "process_pending_decryption":"0", "process_success":"33", "total":"33"}}
{"logTime": "0417/190238", "correlationVector":"p+fdXQMFJoaTpkA9E/r+v+.6","action":"GetUpdates Response", "result":"Success", "context":Received 250 update(s). cV=p+fdXQMFJoaTpkA9E/r+v+.0;server=akswtt104000011;cloudType=Consumer;environment=Prod_southindia_prod-s01-004-apac-southindia;migrationStage=NotStarted Some updates remain.}
{"logTime": "0417/190238", "correlationVector":"W4J5qbscW4q61aB4vnaLej","action":"Initial GetUpdates", "result":"", "context":Reason: NEWLY_SUPPORTED_DATATYPE. cV=W4J5qbscW4q61aB4vnaLej}
{"logTime": "0417/190239", "correlationVector":"W4J5qbscW4q61aB4vnaLej.1","action":"SyncServerConnectionManagerRequest", "result":"SYNC_SERVER_OK", "context":{"environment":"Prod_southindia_prod-s01-004-apac-southindia", "migrationStage":"NotStarted", "server":"akswtt10400000w"}}
{"logTime": "0417/190239", "correlationVector":"W4J5qbscW4q61aB4vnaLej.2","action":"ProcessGetUpdates", "result":"Done", "context":{"dataType":"Autofill Profiles", "deleted":"0", "process_failed_to_decrypt":"0", "process_pending_decryption":"0", "process_success":"3", "total":"3"}}
{"logTime": "0417/190239", "correlationVector":"W4J5qbscW4q61aB4vnaLej.3","action":"ProcessGetUpdates", "result":"Done", "context":{"dataType":"Autofill", "deleted":"0", "process_failed_to_decrypt":"0", "process_pending_decryption":"0", "process_success":"5", "total":"5"}}
{"logTime": "0417/190239", "correlationVector":"W4J5qbscW4q61aB4vnaLej.4","action":"ProcessGetUpdates", "result":"Done", "context":{"dataType":"Sessions", "deleted":"166", "process_failed_to_decrypt":"0", "process_pending_decryption":"0", "process_success":"172", "total":"172"}}
{"logTime": "0417/190239", "correlationVector":"W4J5qbscW4q61aB4vnaLej.5","action":"ProcessGetUpdates", "result":"Done", "context":{"dataType":"Edge Hub App Usage", "deleted":"0", "process_failed_to_decrypt":"0", "process_pending_decryption":"0", "process_success":"5", "total":"5"}}
{"logTime": "0417/190239", "correlationVector":"W4J5qbscW4q61aB4vnaLej.6","action":"ProcessGetUpdates", "result":"Done", "context":{"dataType":"Edge Workspace", "deleted":"5", "process_failed_to_decrypt":"0", "process_pending_decryption":"0", "process_success":"10", "total":"10"}}
{"logTime": "0417/190239", "correlationVector":"W4J5qbscW4q61aB4vnaLej.7","action":"GetUpdates Response", "result":"Success", "context":Received 195 update(s). cV=W4J5qbscW4q61aB4vnaLej.0;server=akswtt10400000w;cloudType=Consumer;environment=Prod_southindia_prod-s01-004-apac-southindia;migrationStage=NotStarted}
{"logTime": "0417/190239", "correlationVector":"hQHvhDQHLUUOZ9rUyGDfMu","action":"Initial GetUpdates", "result":"", "context":Reason: NEWLY_SUPPORTED_DATATYPE. cV=hQHvhDQHLUUOZ9rUyGDfMu}
{"logTime": "0417/190239", "correlationVector":"hQHvhDQHLUUOZ9rUyGDfMu.1","action":"SyncServerConnectionManagerRequest", "result":"SYNC_SERVER_OK", "context":{"environment":"Prod_southindia_prod-s01-004-apac-southindia", "migrationStage":"NotStarted", "server":"akswtt104000003"}}
{"logTime": "0417/190239", "correlationVector":"hQHvhDQHLUUOZ9rUyGDfMu.2","action":"ProcessGetUpdates", "result":"Done", "context":{"dataType":"History", "deleted":"0", "process_failed_to_decrypt":"0", "process_pending_decryption":"0", "process_success":"250", "total":"250"}}
{"logTime": "0417/190239", "correlationVector":"hQHvhDQHLUUOZ9rUyGDfMu.3","action":"GetUpdates Response", "result":"Success", "context":Received 250 update(s). cV=hQHvhDQHLUUOZ9rUyGDfMu.0;server=akswtt104000003;cloudType=Consumer;environment=Prod_southindia_prod-s01-004-apac-southindia;migrationStage=NotStarted Some updates remain.}
{"logTime": "0417/190239", "correlationVector":"i2v6r7iAVs7tb3dzBOW8le","action":"Initial GetUpdates", "result":"", "context":Reason: NEWLY_SUPPORTED_DATATYPE. cV=i2v6r7iAVs7tb3dzBOW8le}
{"logTime": "0417/190240", "correlationVector":"i2v6r7iAVs7tb3dzBOW8le.1","action":"SyncServerConnectionManagerRequest", "result":"SYNC_SERVER_OK", "context":{"environment":"Prod_southindia_prod-s01-004-apac-southindia", "migrationStage":"NotStarted", "server":"akswtt10400000q"}}
{"logTime": "0417/190240", "correlationVector":"i2v6r7iAVs7tb3dzBOW8le.2","action":"ProcessGetUpdates", "result":"Done", "context":{"dataType":"History", "deleted":"0", "process_failed_to_decrypt":"0", "process_pending_decryption":"0", "process_success":"250", "total":"250"}}
{"logTime": "0417/190240", "correlationVector":"i2v6r7iAVs7tb3dzBOW8le.3","action":"GetUpdates Response", "result":"Success", "context":Received 250 update(s). cV=i2v6r7iAVs7tb3dzBOW8le.0;server=akswtt10400000q;cloudType=Consumer;environment=Prod_southindia_prod-s01-004-apac-southindia;migrationStage=NotStarted Some updates remain.}
{"logTime": "0417/190240", "correlationVector":"SfuYyvMrYO196Ffh+8/sPc","action":"Initial GetUpdates", "result":"", "context":Reason: NEWLY_SUPPORTED_DATATYPE. cV=SfuYyvMrYO196Ffh+8/sPc}
{"logTime": "0417/190240", "correlationVector":"SfuYyvMrYO196Ffh+8/sPc.1","action":"SyncServerConnectionManagerRequest", "result":"SYNC_SERVER_OK", "context":{"environment":"Prod_southindia_prod-s01-004-apac-southindia", "migrationStage":"NotStarted", "server":"akswtt104000003"}}
{"logTime": "0417/190240", "correlationVector":"SfuYyvMrYO196Ffh+8/sPc.2","action":"ProcessGetUpdates", "result":"Done", "context":{"dataType":"History", "deleted":"0", "process_failed_to_decrypt":"0", "process_pending_decryption":"0", "process_success":"250", "total":"250"}}
{"logTime": "0417/190240", "correlationVector":"SfuYyvMrYO196Ffh+8/sPc.3","action":"GetUpdates Response", "result":"Success", "context":Received 250 update(s). cV=SfuYyvMrYO196Ffh+8/sPc.0;server=akswtt104000003;cloudType=Consumer;environment=Prod_southindia_prod-s01-004-apac-southindia;migrationStage=NotStarted Some updates remain.}
{"logTime": "0417/190240", "correlationVector":"Ql9oDAIxnH/3kMWreJXhPe","action":"Initial GetUpdates", "result":"", "context":Reason: NEWLY_SUPPORTED_DATATYPE. cV=Ql9oDAIxnH/3kMWreJXhPe}
{"logTime": "0417/190241", "correlationVector":"Ql9oDAIxnH/3kMWreJXhPe.1","action":"SyncServerConnectionManagerRequest", "result":"SYNC_SERVER_OK", "context":{"environment":"Prod_southindia_prod-s01-004-apac-southindia", "migrationStage":"NotStarted", "server":"akswtt104000009"}}
{"logTime": "0417/190241", "correlationVector":"Ql9oDAIxnH/3kMWreJXhPe.2","action":"ProcessGetUpdates", "result":"Done", "context":{"dataType":"History", "deleted":"0", "process_failed_to_decrypt":"0", "process_pending_decryption":"0", "process_success":"250", "total":"250"}}
{"logTime": "0417/190241", "correlationVector":"Ql9oDAIxnH/3kMWreJXhPe.3","action":"GetUpdates Response", "result":"Success", "context":Received 250 update(s). cV=Ql9oDAIxnH/3kMWreJXhPe.0;server=akswtt104000009;cloudType=Consumer;environment=Prod_southindia_prod-s01-004-apac-southindia;migrationStage=NotStarted Some updates remain.}
{"logTime": "0417/190241", "correlationVector":"ej8lrhI5adQV43PWRFrMgP","action":"Initial GetUpdates", "result":"", "context":Reason: NEWLY_SUPPORTED_DATATYPE. cV=ej8lrhI5adQV43PWRFrMgP}
{"logTime": "0417/190242", "correlationVector":"ej8lrhI5adQV43PWRFrMgP.1","action":"SyncServerConnectionManagerRequest", "result":"SYNC_SERVER_OK", "context":{"environment":"Prod_southindia_prod-s01-004-apac-southindia", "migrationStage":"NotStarted", "server":"akswtt104000003"}}
{"logTime": "0417/190242", "correlationVector":"ej8lrhI5adQV43PWRFrMgP.2","action":"ProcessGetUpdates", "result":"Done", "context":{"dataType":"History", "deleted":"0", "process_failed_to_decrypt":"0", "process_pending_decryption":"0", "process_success":"250", "total":"250"}}
{"logTime": "0417/190242", "correlationVector":"ej8lrhI5adQV43PWRFrMgP.3","action":"GetUpdates Response", "result":"Success", "context":Received 250 update(s). cV=ej8lrhI5adQV43PWRFrMgP.0;server=akswtt104000003;cloudType=Consumer;environment=Prod_southindia_prod-s01-004-apac-southindia;migrationStage=NotStarted Some updates remain.}
{"logTime": "0417/190242", "correlationVector":"sCAEuflas5VtYb/lolTWM0","action":"Initial GetUpdates", "result":"", "context":Reason: NEWLY_SUPPORTED_DATATYPE. cV=sCAEuflas5VtYb/lolTWM0}
{"logTime": "0417/190242", "correlationVector":"sCAEuflas5VtYb/lolTWM0.1","action":"SyncServerConnectionManagerRequest", "result":"SYNC_SERVER_OK", "context":{"environment":"Prod_southindia_prod-s01-004-apac-southindia", "migrationStage":"NotStarted", "server":"akswtt10400000t"}}
{"logTime": "0417/190242", "correlationVector":"sCAEuflas5VtYb/lolTWM0.2","action":"ProcessGetUpdates", "result":"Done", "context":{"dataType":"History", "deleted":"0", "process_failed_to_decrypt":"0", "process_pending_decryption":"0", "process_success":"250", "total":"250"}}
{"logTime": "0417/190242", "correlationVector":"sCAEuflas5VtYb/lolTWM0.3","action":"GetUpdates Response", "result":"Success", "context":Received 250 update(s). cV=sCAEuflas5VtYb/lolTWM0.0;server=akswtt10400000t;cloudType=Consumer;environment=Prod_southindia_prod-s01-004-apac-southindia;migrationStage=NotStarted Some updates remain.}
{"logTime": "0417/190242", "correlationVector":"lwYrCmzTdKHn4Omo3v/XxR","action":"Initial GetUpdates", "result":"", "context":Reason: NEWLY_SUPPORTED_DATATYPE. cV=lwYrCmzTdKHn4Omo3v/XxR}
{"logTime": "0417/190243", "correlationVector":"lwYrCmzTdKHn4Omo3v/XxR.1","action":"SyncServerConnectionManagerRequest", "result":"SYNC_SERVER_OK", "context":{"environment":"Prod_southindia_prod-s01-004-apac-southindia", "migrationStage":"NotStarted", "server":"akswtt10400000m"}}
{"logTime": "0417/190243", "correlationVector":"lwYrCmzTdKHn4Omo3v/XxR.2","action":"ProcessGetUpdates", "result":"Done", "context":{"dataType":"History", "deleted":"0", "process_failed_to_decrypt":"0", "process_pending_decryption":"0", "process_success":"250", "total":"250"}}
{"logTime": "0417/190243", "correlationVector":"lwYrCmzTdKHn4Omo3v/XxR.3","action":"GetUpdates Response", "result":"Success", "context":Received 250 update(s). cV=lwYrCmzTdKHn4Omo3v/XxR.0;server=akswtt10400000m;cloudType=Consumer;environment=Prod_southindia_prod-s01-004-apac-southindia;migrationStage=NotStarted Some updates remain.}
{"logTime": "0417/190243", "correlationVector":"BAcpldhu9eil5RS0JjX7cA","action":"Initial GetUpdates", "result":"", "context":Reason: NEWLY_SUPPORTED_DATATYPE. cV=BAcpldhu9eil5RS0JjX7cA}
{"logTime": "0417/190244", "correlationVector":"BAcpldhu9eil5RS0JjX7cA.1","action":"SyncServerConnectionManagerRequest", "result":"SYNC_SERVER_OK", "context":{"environment":"Prod_southindia_prod-s01-004-apac-southindia", "migrationStage":"NotStarted", "server":"akswtt10400000w"}}
{"logTime": "0417/190244", "correlationVector":"BAcpldhu9eil5RS0JjX7cA.2","action":"ProcessGetUpdates", "result":"Done", "context":{"dataType":"History", "deleted":"0", "process_failed_to_decrypt":"0", "process_pending_decryption":"0", "process_success":"250", "total":"250"}}
{"logTime": "0417/190244", "correlationVector":"BAcpldhu9eil5RS0JjX7cA.3","action":"GetUpdates Response", "result":"Success", "context":Received 250 update(s). cV=BAcpldhu9eil5RS0JjX7cA.0;server=akswtt10400000w;cloudType=Consumer;environment=Prod_southindia_prod-s01-004-apac-southindia;migrationStage=NotStarted Some updates remain.}
{"logTime": "0417/190244", "correlationVector":"1vaFxyShGaPcX/mhlXq7BI","action":"Initial GetUpdates", "result":"", "context":Reason: NEWLY_SUPPORTED_DATATYPE. cV=1vaFxyShGaPcX/mhlXq7BI}
{"logTime": "0417/190244", "correlationVector":"1vaFxyShGaPcX/mhlXq7BI.1","action":"SyncServerConnectionManagerRequest", "result":"SYNC_SERVER_OK", "context":{"environment":"Prod_southindia_prod-s01-004-apac-southindia", "migrationStage":"NotStarted", "server":"akswtt10400000q"}}
{"logTime": "0417/190244", "correlationVector":"1vaFxyShGaPcX/mhlXq7BI.2","action":"ProcessGetUpdates", "result":"Done", "context":{"dataType":"History", "deleted":"0", "process_failed_to_decrypt":"0", "process_pending_decryption":"0", "process_success":"250", "total":"250"}}
{"logTime": "0417/190244", "correlationVector":"1vaFxyShGaPcX/mhlXq7BI.3","action":"GetUpdates Response", "result":"Success", "context":Received 250 update(s). cV=1vaFxyShGaPcX/mhlXq7BI.0;server=akswtt10400000q;cloudType=Consumer;environment=Prod_southindia_prod-s01-004-apac-southindia;migrationStage=NotStarted Some updates remain.}
{"logTime": "0417/190244", "correlationVector":"/ysU1WGon5koDN77DSrhPp","action":"Initial GetUpdates", "result":"", "context":Reason: NEWLY_SUPPORTED_DATATYPE. cV=/ysU1WGon5koDN77DSrhPp}
{"logTime": "0417/190245", "correlationVector":"/ysU1WGon5koDN77DSrhPp.1","action":"SyncServerConnectionManagerRequest", "result":"SYNC_SERVER_OK", "context":{"environment":"Prod_southindia_prod-s01-004-apac-southindia", "migrationStage":"NotStarted", "server":"akswtt104000003"}}
{"logTime": "0417/190245", "correlationVector":"/ysU1WGon5koDN77DSrhPp.2","action":"ProcessGetUpdates", "result":"Done", "context":{"dataType":"History", "deleted":"0", "process_failed_to_decrypt":"0", "process_pending_decryption":"0", "process_success":"250", "total":"250"}}
{"logTime": "0417/190245", "correlationVector":"/ysU1WGon5koDN77DSrhPp.3","action":"GetUpdates Response", "result":"Success", "context":Received 250 update(s). cV=/ysU1WGon5koDN77DSrhPp.0;server=akswtt104000003;cloudType=Consumer;environment=Prod_southindia_prod-s01-004-apac-southindia;migrationStage=NotStarted Some updates remain.}
{"logTime": "0417/190245", "correlationVector":"KAalYkZ1JD7x/T5qwxr1A4","action":"Initial GetUpdates", "result":"", "context":Reason: NEWLY_SUPPORTED_DATATYPE. cV=KAalYkZ1JD7x/T5qwxr1A4}
{"logTime": "0417/190246", "correlationVector":"KAalYkZ1JD7x/T5qwxr1A4.1","action":"SyncServerConnectionManagerRequest", "result":"SYNC_SERVER_OK", "context":{"environment":"Prod_southindia_prod-s01-004-apac-southindia", "migrationStage":"NotStarted", "server":"akswtt104000007"}}
{"logTime": "0417/190246", "correlationVector":"KAalYkZ1JD7x/T5qwxr1A4.2","action":"ProcessGetUpdates", "result":"Done", "context":{"dataType":"History", "deleted":"0", "process_failed_to_decrypt":"0", "process_pending_decryption":"0", "process_success":"250", "total":"250"}}
{"logTime": "0417/190246", "correlationVector":"KAalYkZ1JD7x/T5qwxr1A4.3","action":"GetUpdates Response", "result":"Success", "context":Received 250 update(s). cV=KAalYkZ1JD7x/T5qwxr1A4.0;server=akswtt104000007;cloudType=Consumer;environment=Prod_southindia_prod-s01-004-apac-southindia;migrationStage=NotStarted Some updates remain.}
{"logTime": "0417/190246", "correlationVector":"qY13WTQ8ENsl7se3rebeyV","action":"Initial GetUpdates", "result":"", "context":Reason: NEWLY_SUPPORTED_DATATYPE. cV=qY13WTQ8ENsl7se3rebeyV}
{"logTime": "0417/190246", "correlationVector":"qY13WTQ8ENsl7se3rebeyV.1","action":"SyncServerConnectionManagerRequest", "result":"SYNC_SERVER_OK", "context":{"environment":"Prod_southindia_prod-s01-004-apac-southindia", "migrationStage":"NotStarted", "server":"akswtt10400000w"}}
{"logTime": "0417/190246", "correlationVector":"qY13WTQ8ENsl7se3rebeyV.2","action":"ProcessGetUpdates", "result":"Done", "context":{"dataType":"History", "deleted":"0", "process_failed_to_decrypt":"0", "process_pending_decryption":"0", "process_success":"250", "total":"250"}}
{"logTime": "0417/190246", "correlationVector":"qY13WTQ8ENsl7se3rebeyV.3","action":"GetUpdates Response", "result":"Success", "context":Received 250 update(s). cV=qY13WTQ8ENsl7se3rebeyV.0;server=akswtt10400000w;cloudType=Consumer;environment=Prod_southindia_prod-s01-004-apac-southindia;migrationStage=NotStarted Some updates remain.}
{"logTime": "0417/190246", "correlationVector":"6cMpS1sXLB4KfTTi5/IzfX","action":"Initial GetUpdates", "result":"", "context":Reason: NEWLY_SUPPORTED_DATATYPE. cV=6cMpS1sXLB4KfTTi5/IzfX}
{"logTime": "0417/190247", "correlationVector":"6cMpS1sXLB4KfTTi5/IzfX.1","action":"SyncServerConnectionManagerRequest", "result":"SYNC_SERVER_OK", "context":{"environment":"Prod_southindia_prod-s01-004-apac-southindia", "migrationStage":"NotStarted", "server":"akswtt10400000h"}}
{"logTime": "0417/190247", "correlationVector":"6cMpS1sXLB4KfTTi5/IzfX.2","action":"ProcessGetUpdates", "result":"Done", "context":{"dataType":"History", "deleted":"0", "process_failed_to_decrypt":"0", "process_pending_decryption":"0", "process_success":"250", "total":"250"}}
{"logTime": "0417/190247", "correlationVector":"6cMpS1sXLB4KfTTi5/IzfX.3","action":"GetUpdates Response", "result":"Success", "context":Received 250 update(s). cV=6cMpS1sXLB4KfTTi5/IzfX.0;server=akswtt10400000h;cloudType=Consumer;environment=Prod_southindia_prod-s01-004-apac-southindia;migrationStage=NotStarted Some updates remain.}
{"logTime": "0417/190247", "correlationVector":"b9JHuf6CJIAg7weWEs0nzb","action":"Initial GetUpdates", "result":"", "context":Reason: NEWLY_SUPPORTED_DATATYPE. cV=b9JHuf6CJIAg7weWEs0nzb}
{"logTime": "0417/190247", "correlationVector":"b9JHuf6CJIAg7weWEs0nzb.1","action":"SyncServerConnectionManagerRequest", "result":"SYNC_SERVER_OK", "context":{"environment":"Prod_southindia_prod-s01-004-apac-southindia", "migrationStage":"NotStarted", "server":"akswtt10400000t"}}
{"logTime": "0417/190247", "correlationVector":"b9JHuf6CJIAg7weWEs0nzb.2","action":"ProcessGetUpdates", "result":"Done", "context":{"dataType":"History", "deleted":"0", "process_failed_to_decrypt":"0", "process_pending_decryption":"0", "process_success":"250", "total":"250"}}
{"logTime": "0417/190247", "correlationVector":"b9JHuf6CJIAg7weWEs0nzb.3","action":"GetUpdates Response", "result":"Success", "context":Received 250 update(s). cV=b9JHuf6CJIAg7weWEs0nzb.0;server=akswtt10400000t;cloudType=Consumer;environment=Prod_southindia_prod-s01-004-apac-southindia;migrationStage=NotStarted Some updates remain.}
{"logTime": "0417/190247", "correlationVector":"kpf26Ru9V+/JMHDyDdbXNa","action":"Initial GetUpdates", "result":"", "context":Reason: NEWLY_SUPPORTED_DATATYPE. cV=kpf26Ru9V+/JMHDyDdbXNa}
{"logTime": "0417/190248", "correlationVector":"kpf26Ru9V+/JMHDyDdbXNa.1","action":"SyncServerConnectionManagerRequest", "result":"SYNC_SERVER_OK", "context":{"environment":"Prod_southindia_prod-s01-004-apac-southindia", "migrationStage":"NotStarted", "server":"akswtt104000009"}}
{"logTime": "0417/190248", "correlationVector":"kpf26Ru9V+/JMHDyDdbXNa.2","action":"ProcessGetUpdates", "result":"Done", "context":{"dataType":"History", "deleted":"0", "process_failed_to_decrypt":"0", "process_pending_decryption":"0", "process_success":"250", "total":"250"}}
{"logTime": "0417/190248", "correlationVector":"kpf26Ru9V+/JMHDyDdbXNa.3","action":"GetUpdates Response", "result":"Success", "context":Received 250 update(s). cV=kpf26Ru9V+/JMHDyDdbXNa.0;server=akswtt104000009;cloudType=Consumer;environment=Prod_southindia_prod-s01-004-apac-southindia;migrationStage=NotStarted Some updates remain.}
{"logTime": "0417/190248", "correlationVector":"3FugWrq3E1+pxFB99U6Jzv","action":"Initial GetUpdates", "result":"", "context":Reason: NEWLY_SUPPORTED_DATATYPE. cV=3FugWrq3E1+pxFB99U6Jzv}
{"logTime": "0417/190249", "correlationVector":"3FugWrq3E1+pxFB99U6Jzv.1","action":"SyncServerConnectionManagerRequest", "result":"SYNC_SERVER_OK", "context":{"environment":"Prod_southindia_prod-s01-004-apac-southindia", "migrationStage":"NotStarted", "server":"akswtt10400000q"}}
{"logTime": "0417/190249", "correlationVector":"3FugWrq3E1+pxFB99U6Jzv.2","action":"ProcessGetUpdates", "result":"Done", "context":{"dataType":"History", "deleted":"0", "process_failed_to_decrypt":"0", "process_pending_decryption":"0", "process_success":"250", "total":"250"}}
{"logTime": "0417/190249", "correlationVector":"3FugWrq3E1+pxFB99U6Jzv.3","action":"GetUpdates Response", "result":"Success", "context":Received 250 update(s). cV=3FugWrq3E1+pxFB99U6Jzv.0;server=akswtt10400000q;cloudType=Consumer;environment=Prod_southindia_prod-s01-004-apac-southindia;migrationStage=NotStarted Some updates remain.}
{"logTime": "0417/190249", "correlationVector":"YElbuK4cFP//gY0La/pDkb","action":"Initial GetUpdates", "result":"", "context":Reason: NEWLY_SUPPORTED_DATATYPE. cV=YElbuK4cFP//gY0La/pDkb}
{"logTime": "0417/190249", "correlationVector":"YElbuK4cFP//gY0La/pDkb.1","action":"SyncServerConnectionManagerRequest", "result":"SYNC_SERVER_OK", "context":{"environment":"Prod_southindia_prod-s01-004-apac-southindia", "migrationStage":"NotStarted", "server":"akswtt104000003"}}
{"logTime": "0417/190249", "correlationVector":"YElbuK4cFP//gY0La/pDkb.2","action":"ProcessGetUpdates", "result":"Done", "context":{"dataType":"History", "deleted":"0", "process_failed_to_decrypt":"0", "process_pending_decryption":"0", "process_success":"250", "total":"250"}}
{"logTime": "0417/190249", "correlationVector":"YElbuK4cFP//gY0La/pDkb.3","action":"GetUpdates Response", "result":"Success", "context":Received 250 update(s). cV=YElbuK4cFP//gY0La/pDkb.0;server=akswtt104000003;cloudType=Consumer;environment=Prod_southindia_prod-s01-004-apac-southindia;migrationStage=NotStarted Some updates remain.}
{"logTime": "0417/190249", "correlationVector":"Fw939ove2YNFFoLNC3J6sW","action":"Initial GetUpdates", "result":"", "context":Reason: NEWLY_SUPPORTED_DATATYPE. cV=Fw939ove2YNFFoLNC3J6sW}
{"logTime": "0417/190250", "correlationVector":"Fw939ove2YNFFoLNC3J6sW.1","action":"SyncServerConnectionManagerRequest", "result":"SYNC_SERVER_OK", "context":{"environment":"Prod_southindia_prod-s01-004-apac-southindia", "migrationStage":"NotStarted", "server":"akswtt10400000q"}}
{"logTime": "0417/190250", "correlationVector":"Fw939ove2YNFFoLNC3J6sW.2","action":"ProcessGetUpdates", "result":"Done", "context":{"dataType":"History", "deleted":"0", "process_failed_to_decrypt":"0", "process_pending_decryption":"0", "process_success":"250", "total":"250"}}
{"logTime": "0417/190250", "correlationVector":"Fw939ove2YNFFoLNC3J6sW.3","action":"GetUpdates Response", "result":"Success", "context":Received 250 update(s). cV=Fw939ove2YNFFoLNC3J6sW.0;server=akswtt10400000q;cloudType=Consumer;environment=Prod_southindia_prod-s01-004-apac-southindia;migrationStage=NotStarted Some updates remain.}
{"logTime": "0417/190250", "correlationVector":"rq2NV+OKiiAV7TNUqsQo/q","action":"Initial GetUpdates", "result":"", "context":Reason: NEWLY_SUPPORTED_DATATYPE. cV=rq2NV+OKiiAV7TNUqsQo/q}
{"logTime": "0417/190250", "correlationVector":"rq2NV+OKiiAV7TNUqsQo/q.1","action":"SyncServerConnectionManagerRequest", "result":"SYNC_SERVER_OK", "context":{"environment":"Prod_southindia_prod-s01-004-apac-southindia", "migrationStage":"NotStarted", "server":"akswtt104000007"}}
{"logTime": "0417/190250", "correlationVector":"rq2NV+OKiiAV7TNUqsQo/q.2","action":"ProcessGetUpdates", "result":"Done", "context":{"dataType":"History", "deleted":"0", "process_failed_to_decrypt":"0", "process_pending_decryption":"0", "process_success":"250", "total":"250"}}
{"logTime": "0417/190250", "correlationVector":"rq2NV+OKiiAV7TNUqsQo/q.3","action":"GetUpdates Response", "result":"Success", "context":Received 250 update(s). cV=rq2NV+OKiiAV7TNUqsQo/q.0;server=akswtt104000007;cloudType=Consumer;environment=Prod_southindia_prod-s01-004-apac-southindia;migrationStage=NotStarted Some updates remain.}
{"logTime": "0417/190250", "correlationVector":"C9mHnZ5hvexkwb37a0BP3/","action":"Initial GetUpdates", "result":"", "context":Reason: NEWLY_SUPPORTED_DATATYPE. cV=C9mHnZ5hvexkwb37a0BP3/}
{"logTime": "0417/190251", "correlationVector":"C9mHnZ5hvexkwb37a0BP3/.1","action":"SyncServerConnectionManagerRequest", "result":"SYNC_SERVER_OK", "context":{"environment":"Prod_southindia_prod-s01-004-apac-southindia", "migrationStage":"NotStarted", "server":"akswtt10400000c"}}
{"logTime": "0417/190251", "correlationVector":"C9mHnZ5hvexkwb37a0BP3/.2","action":"ProcessGetUpdates", "result":"Done", "context":{"dataType":"History", "deleted":"0", "process_failed_to_decrypt":"0", "process_pending_decryption":"0", "process_success":"250", "total":"250"}}
{"logTime": "0417/190251", "correlationVector":"C9mHnZ5hvexkwb37a0BP3/.3","action":"GetUpdates Response", "result":"Success", "context":Received 250 update(s). cV=C9mHnZ5hvexkwb37a0BP3/.0;server=akswtt10400000c;cloudType=Consumer;environment=Prod_southindia_prod-s01-004-apac-southindia;migrationStage=NotStarted Some updates remain.}
{"logTime": "0417/190251", "correlationVector":"yClVw5TGVHXu2vZVGj0nZd","action":"Initial GetUpdates", "result":"", "context":Reason: NEWLY_SUPPORTED_DATATYPE. cV=yClVw5TGVHXu2vZVGj0nZd}
{"logTime": "0417/190251", "correlationVector":"yClVw5TGVHXu2vZVGj0nZd.1","action":"SyncServerConnectionManagerRequest", "result":"SYNC_SERVER_OK", "context":{"environment":"Prod_southindia_prod-s01-004-apac-southindia", "migrationStage":"NotStarted", "server":"akswtt104000003"}}
{"logTime": "0417/190251", "correlationVector":"yClVw5TGVHXu2vZVGj0nZd.2","action":"ProcessGetUpdates", "result":"Done", "context":{"dataType":"History", "deleted":"0", "process_failed_to_decrypt":"0", "process_pending_decryption":"0", "process_success":"250", "total":"250"}}
{"logTime": "0417/190251", "correlationVector":"yClVw5TGVHXu2vZVGj0nZd.3","action":"GetUpdates Response", "result":"Success", "context":Received 250 update(s). cV=yClVw5TGVHXu2vZVGj0nZd.0;server=akswtt104000003;cloudType=Consumer;environment=Prod_southindia_prod-s01-004-apac-southindia;migrationStage=NotStarted Some updates remain.}
{"logTime": "0417/190251", "correlationVector":"MkBccfA2fpPzvAfngCRJOx","action":"Initial GetUpdates", "result":"", "context":Reason: NEWLY_SUPPORTED_DATATYPE. cV=MkBccfA2fpPzvAfngCRJOx}
{"logTime": "0417/190252", "correlationVector":"MkBccfA2fpPzvAfngCRJOx.1","action":"SyncServerConnectionManagerRequest", "result":"SYNC_SERVER_OK", "context":{"environment":"Prod_southindia_prod-s01-004-apac-southindia", "migrationStage":"NotStarted", "server":"akswtt10400000h"}}
{"logTime": "0417/190252", "correlationVector":"MkBccfA2fpPzvAfngCRJOx.2","action":"ProcessGetUpdates", "result":"Done", "context":{"dataType":"History", "deleted":"0", "process_failed_to_decrypt":"0", "process_pending_decryption":"0", "process_success":"250", "total":"250"}}
{"logTime": "0417/190252", "correlationVector":"MkBccfA2fpPzvAfngCRJOx.3","action":"GetUpdates Response", "result":"Success", "context":Received 250 update(s). cV=MkBccfA2fpPzvAfngCRJOx.0;server=akswtt10400000h;cloudType=Consumer;environment=Prod_southindia_prod-s01-004-apac-southindia;migrationStage=NotStarted Some updates remain.}
{"logTime": "0417/190252", "correlationVector":"BstNdnqmwOaXSATWwbgrhj","action":"Initial GetUpdates", "result":"", "context":Reason: NEWLY_SUPPORTED_DATATYPE. cV=BstNdnqmwOaXSATWwbgrhj}
{"logTime": "0417/190253", "correlationVector":"BstNdnqmwOaXSATWwbgrhj.1","action":"SyncServerConnectionManagerRequest", "result":"SYNC_SERVER_OK", "context":{"environment":"Prod_southindia_prod-s01-004-apac-southindia", "migrationStage":"NotStarted", "server":"akswtt104000003"}}
{"logTime": "0417/190253", "correlationVector":"BstNdnqmwOaXSATWwbgrhj.2","action":"ProcessGetUpdates", "result":"Done", "context":{"dataType":"History", "deleted":"0", "process_failed_to_decrypt":"0", "process_pending_decryption":"0", "process_success":"250", "total":"250"}}
{"logTime": "0417/190253", "correlationVector":"BstNdnqmwOaXSATWwbgrhj.3","action":"GetUpdates Response", "result":"Success", "context":Received 250 update(s). cV=BstNdnqmwOaXSATWwbgrhj.0;server=akswtt104000003;cloudType=Consumer;environment=Prod_southindia_prod-s01-004-apac-southindia;migrationStage=NotStarted Some updates remain.}
{"logTime": "0417/190253", "correlationVector":"V2A5Mf9EgoJAFvFtzCjmyW","action":"Initial GetUpdates", "result":"", "context":Reason: NEWLY_SUPPORTED_DATATYPE. cV=V2A5Mf9EgoJAFvFtzCjmyW}
{"logTime": "0417/190253", "correlationVector":"V2A5Mf9EgoJAFvFtzCjmyW.1","action":"SyncServerConnectionManagerRequest", "result":"SYNC_SERVER_OK", "context":{"environment":"Prod_southindia_prod-s01-004-apac-southindia", "migrationStage":"NotStarted", "server":"akswtt10400000w"}}
{"logTime": "0417/190253", "correlationVector":"V2A5Mf9EgoJAFvFtzCjmyW.2","action":"ProcessGetUpdates", "result":"Done", "context":{"dataType":"History", "deleted":"0", "process_failed_to_decrypt":"0", "process_pending_decryption":"0", "process_success":"250", "total":"250"}}
{"logTime": "0417/190253", "correlationVector":"V2A5Mf9EgoJAFvFtzCjmyW.3","action":"GetUpdates Response", "result":"Success", "context":Received 250 update(s). cV=V2A5Mf9EgoJAFvFtzCjmyW.0;server=akswtt10400000w;cloudType=Consumer;environment=Prod_southindia_prod-s01-004-apac-southindia;migrationStage=NotStarted Some updates remain.}
{"logTime": "0417/190253", "correlationVector":"ULIDcUF7PCQAuRlI/N0YmP","action":"Initial GetUpdates", "result":"", "context":Reason: NEWLY_SUPPORTED_DATATYPE. cV=ULIDcUF7PCQAuRlI/N0YmP}
{"logTime": "0417/190254", "correlationVector":"ULIDcUF7PCQAuRlI/N0YmP.1","action":"SyncServerConnectionManagerRequest", "result":"SYNC_SERVER_OK", "context":{"environment":"Prod_southindia_prod-s01-004-apac-southindia", "migrationStage":"NotStarted", "server":"akswtt104000011"}}
{"logTime": "0417/190254", "correlationVector":"ULIDcUF7PCQAuRlI/N0YmP.2","action":"ProcessGetUpdates", "result":"Done", "context":{"dataType":"History", "deleted":"0", "process_failed_to_decrypt":"0", "process_pending_decryption":"0", "process_success":"250", "total":"250"}}
{"logTime": "0417/190254", "correlationVector":"ULIDcUF7PCQAuRlI/N0YmP.3","action":"GetUpdates Response", "result":"Success", "context":Received 250 update(s). cV=ULIDcUF7PCQAuRlI/N0YmP.0;server=akswtt104000011;cloudType=Consumer;environment=Prod_southindia_prod-s01-004-apac-southindia;migrationStage=NotStarted Some updates remain.}
{"logTime": "0417/190254", "correlationVector":"GhDVIliKSJKULI3jjQtcRI","action":"Initial GetUpdates", "result":"", "context":Reason: NEWLY_SUPPORTED_DATATYPE. cV=GhDVIliKSJKULI3jjQtcRI}
{"logTime": "0417/190254", "correlationVector":"GhDVIliKSJKULI3jjQtcRI.1","action":"SyncServerConnectionManagerRequest", "result":"SYNC_SERVER_OK", "context":{"environment":"Prod_southindia_prod-s01-004-apac-southindia", "migrationStage":"NotStarted", "server":"akswtt10400000g"}}
{"logTime": "0417/190254", "correlationVector":"GhDVIliKSJKULI3jjQtcRI.2","action":"ProcessGetUpdates", "result":"Done", "context":{"dataType":"History", "deleted":"0", "process_failed_to_decrypt":"0", "process_pending_decryption":"0", "process_success":"201", "total":"201"}}
{"logTime": "0417/190254", "correlationVector":"GhDVIliKSJKULI3jjQtcRI.3","action":"GetUpdates Response", "result":"Success", "context":Received 201 update(s). cV=GhDVIliKSJKULI3jjQtcRI.0;server=akswtt10400000g;cloudType=Consumer;environment=Prod_southindia_prod-s01-004-apac-southindia;migrationStage=NotStarted}
{"logTime": "0417/190254", "correlationVector":"k4r3m4T401goZiAdy2i5kg","action":"Normal GetUpdate request", "result":"", "context":cV=k4r3m4T401goZiAdy2i5kg
Nudged types: Preferences, Passwords, Sessions, Device Info, User Consents, History
Refresh requested types: Bookmarks, Preferences, Passwords, Autofill Profiles, Autofill, Extensions, Sessions, Extension settings, History Delete Directives, Device Info, User Consents, Send Tab To Self, Web Apps, History, Saved Tab Group, WebAuthn Credentials, Collection, Edge E Drop, Edge Hub App Usage, Edge Wallet, Edge Workspace, Encryption Keys}
{"logTime": "0417/190255", "correlationVector":"k4r3m4T401goZiAdy2i5kg.1","action":"SyncServerConnectionManagerRequest", "result":"SYNC_SERVER_OK", "context":{"environment":"Prod_southindia_prod-s01-004-apac-southindia", "migrationStage":"NotStarted", "server":"akswtt104000009"}}
{"logTime": "0417/190255", "correlationVector":"k4r3m4T401goZiAdy2i5kg.2","action":"GetUpdates Response", "result":"Success", "context":Received 0 update(s). cV=k4r3m4T401goZiAdy2i5kg.0;server=akswtt104000009;cloudType=Consumer;environment=Prod_southindia_prod-s01-004-apac-southindia;migrationStage=NotStarted}
{"logTime": "0417/190255", "correlationVector":"l0otl5WKd5RnpqEefbVRZO","action":"Commit Request", "result":"", "context":Item count: 40
Contributing types: Passwords}
{"logTime": "0417/190257", "correlationVector":"l0otl5WKd5RnpqEefbVRZO.1","action":"SyncServerConnectionManagerRequest", "result":"SYNC_SERVER_OK", "context":{"environment":"Prod_southindia_prod-s01-004-apac-southindia", "migrationStage":"NotStarted", "server":"akswtt104000011"}}
{"logTime": "0417/190257", "correlationVector":"l0otl5WKd5RnpqEefbVRZO.2","action":"Commit Response", "result":"Success", "context":Result: Success. cV=l0otl5WKd5RnpqEefbVRZO.0;server=akswtt104000011;cloudType=Consumer;environment=Prod_southindia_prod-s01-004-apac-southindia;migrationStage=NotStarted}
{"logTime": "0417/190257", "correlationVector":"YtNzwCZ+amj+C2VHnP98FQ","action":"Commit Request", "result":"", "context":Item count: 6
Contributing types: Preferences, Sessions, Device Info, User Consents, History}
{"logTime": "0417/190258", "correlationVector":"YtNzwCZ+amj+C2VHnP98FQ.1","action":"SyncServerConnectionManagerRequest", "result":"SYNC_SERVER_OK", "context":{"environment":"Prod_southindia_prod-s01-004-apac-southindia", "migrationStage":"NotStarted", "server":"akswtt10400000v"}}
{"logTime": "0417/190258", "correlationVector":"YtNzwCZ+amj+C2VHnP98FQ.2","action":"Commit Response", "result":"Success", "context":Result: Success. cV=YtNzwCZ+amj+C2VHnP98FQ.0;server=akswtt10400000v;cloudType=Consumer;environment=Prod_southindia_prod-s01-004-apac-southindia;migrationStage=NotStarted}
